current directory: /Users/shu/Desktop/rails-projects/medi_navi/hogehoge/ruby/2.6.0/gems/unf_ext-0.0.7.7/ext/unf_ext
/Users/shu/.rbenv/versions/2.6.6/bin/ruby -I /Users/shu/.rbenv/versions/2.6.6/lib/ruby/site_ruby/2.6.0 -r ./siteconf20211006-92162-1d01ity.rb extconf.rb
checking for -lstdc++... yes
creating Makefile

current directory: /Users/shu/Desktop/rails-projects/medi_navi/hogehoge/ruby/2.6.0/gems/unf_ext-0.0.7.7/ext/unf_ext
make DESTDIR\= clean

current directory: /Users/shu/Desktop/rails-projects/medi_navi/hogehoge/ruby/2.6.0/gems/unf_ext-0.0.7.7/ext/unf_ext
make DESTDIR\=
compiling unf.cc
In file included from unf.cc:1:
In file included from ./unf/normalizer.hh:8:
In file included from ./unf/trie/searcher.hh:4:
./unf/trie/char_stream.hh:52:56: warning: implicit conversion loses integer precision: 'long' to 'unsigned int' [-Wshorten-64-to-32]
      unsigned offset() const { return cur1-beg1 + cur2-beg2; }
                                ~~~~~~ ~~~~~~~~~~~~~~~~^~~~~
./unf/trie/char_stream.hh:89:25: warning: implicit conversion loses integer precision: 'std::basic_string<char>::size_type' (aka 'unsigned long') to 'unsigned int' [-Wshorten-64-to-32]
        skipped_tail = skipped.size();
                     ~ ~~~~~~~~^~~~~~
In file included from unf.cc:1:
In file included from ./unf/normalizer.hh:8:
./unf/trie/searcher.hh:49:25: warning: implicit conversion loses integer precision: 'long' to 'unsigned int' [-Wshorten-64-to-32]
        unsigned beg = in.cur()-str;
                 ~~~   ~~~~~~~~^~~~
./unf/trie/searcher.hh:59:27: warning: implicit conversion loses integer precision: 'long' to 'unsigned int' [-Wshorten-64-to-32]
              sort_end = in.cur()-str;
                       ~ ~~~~~~~~^~~~
In file included from unf.cc:1:
./unf/normalizer.hh:60:27: warning: implicit conversion loses integer precision: 'std::basic_string<char>::size_type' (aka 'unsigned long') to 'unsigned int' [-Wshorten-64-to-32]
      unsigned last = buf.size();
               ~~~~   ~~~~^~~~~~
unf.cc:27:16: warning: '(' and '{' tokens introducing statement expression appear in different macro expansion contexts [-Wcompound-token-split-by-macro]
    FORM_NFD = rb_intern("nfd");
               ^~~~~~~~~~~~~~~~
/Users/shu/.rbenv/versions/2.6.6/include/ruby-2.6.0/ruby/ruby.h:1826:23: note: expanded from macro 'rb_intern'
        __extension__ (RUBY_CONST_ID_CACHE((ID), (str))) : \
                      ^
unf.cc:27:16: note: '{' token is here
    FORM_NFD = rb_intern("nfd");
               ^~~~~~~~~~~~~~~~
/Users/shu/.rbenv/versions/2.6.6/include/ruby-2.6.0/ruby/ruby.h:1826:24: note: expanded from macro 'rb_intern'
        __extension__ (RUBY_CONST_ID_CACHE((ID), (str))) : \
                       ^~~~~~~~~~~~~~~~~~~~~~~~~~~~~~~~
/Users/shu/.rbenv/versions/2.6.6/include/ruby-2.6.0/ruby/ruby.h:1811:5: note: expanded from macro 'RUBY_CONST_ID_CACHE'
    {                                                   \
    ^
unf.cc:27:16: warning: '}' and ')' tokens terminating statement expression appear in different macro expansion contexts [-Wcompound-token-split-by-macro]
    FORM_NFD = rb_intern("nfd");
               ^~~~~~~~~~~~~~~~
/Users/shu/.rbenv/versions/2.6.6/include/ruby-2.6.0/ruby/ruby.h:1826:24: note: expanded from macro 'rb_intern'
        __extension__ (RUBY_CONST_ID_CACHE((ID), (str))) : \
                       ^~~~~~~~~~~~~~~~~~~~~~~~~~~~~~~~
/Users/shu/.rbenv/versions/2.6.6/include/ruby-2.6.0/ruby/ruby.h:1816:5: note: expanded from macro 'RUBY_CONST_ID_CACHE'
    }
    ^
unf.cc:27:16: note: ')' token is here
    FORM_NFD = rb_intern("nfd");
               ^~~~~~~~~~~~~~~~
/Users/shu/.rbenv/versions/2.6.6/include/ruby-2.6.0/ruby/ruby.h:1826:56: note: expanded from macro 'rb_intern'
        __extension__ (RUBY_CONST_ID_CACHE((ID), (str))) : \
                                                       ^
unf.cc:28:16: warning: '(' and '{' tokens introducing statement expression appear in different macro expansion contexts [-Wcompound-token-split-by-macro]
    FORM_NFC = rb_intern("nfc");
               ^~~~~~~~~~~~~~~~
/Users/shu/.rbenv/versions/2.6.6/include/ruby-2.6.0/ruby/ruby.h:1826:23: note: expanded from macro 'rb_intern'
        __extension__ (RUBY_CONST_ID_CACHE((ID), (str))) : \
                      ^
unf.cc:28:16: note: '{' token is here
    FORM_NFC = rb_intern("nfc");
               ^~~~~~~~~~~~~~~~
/Users/shu/.rbenv/versions/2.6.6/include/ruby-2.6.0/ruby/ruby.h:1826:24: note: expanded from macro 'rb_intern'
        __extension__ (RUBY_CONST_ID_CACHE((ID), (str))) : \
                       ^~~~~~~~~~~~~~~~~~~~~~~~~~~~~~~~
/Users/shu/.rbenv/versions/2.6.6/include/ruby-2.6.0/ruby/ruby.h:1811:5: note: expanded from macro 'RUBY_CONST_ID_CACHE'
    {                                                   \
    ^
unf.cc:28:16: warning: '}' and ')' tokens terminating statement expression appear in different macro expansion contexts [-Wcompound-token-split-by-macro]
    FORM_NFC = rb_intern("nfc");
               ^~~~~~~~~~~~~~~~
/Users/shu/.rbenv/versions/2.6.6/include/ruby-2.6.0/ruby/ruby.h:1826:24: note: expanded from macro 'rb_intern'
        __extension__ (RUBY_CONST_ID_CACHE((ID), (str))) : \
                       ^~~~~~~~~~~~~~~~~~~~~~~~~~~~~~~~
/Users/shu/.rbenv/versions/2.6.6/include/ruby-2.6.0/ruby/ruby.h:1816:5: note: expanded from macro 'RUBY_CONST_ID_CACHE'
    }
    ^
unf.cc:28:16: note: ')' token is here
    FORM_NFC = rb_intern("nfc");
               ^~~~~~~~~~~~~~~~
/Users/shu/.rbenv/versions/2.6.6/include/ruby-2.6.0/ruby/ruby.h:1826:56: note: expanded from macro 'rb_intern'
        __extension__ (RUBY_CONST_ID_CACHE((ID), (str))) : \
                                                       ^
unf.cc:29:16: warning: '(' and '{' tokens introducing statement expression appear in different macro expansion contexts [-Wcompound-token-split-by-macro]
    FORM_NFKD= rb_intern("nfkd");
               ^~~~~~~~~~~~~~~~~
/Users/shu/.rbenv/versions/2.6.6/include/ruby-2.6.0/ruby/ruby.h:1826:23: note: expanded from macro 'rb_intern'
        __extension__ (RUBY_CONST_ID_CACHE((ID), (str))) : \
                      ^
unf.cc:29:16: note: '{' token is here
    FORM_NFKD= rb_intern("nfkd");
               ^~~~~~~~~~~~~~~~~
/Users/shu/.rbenv/versions/2.6.6/include/ruby-2.6.0/ruby/ruby.h:1826:24: note: expanded from macro 'rb_intern'
        __extension__ (RUBY_CONST_ID_CACHE((ID), (str))) : \
                       ^~~~~~~~~~~~~~~~~~~~~~~~~~~~~~~~
/Users/shu/.rbenv/versions/2.6.6/include/ruby-2.6.0/ruby/ruby.h:1811:5: note: expanded from macro 'RUBY_CONST_ID_CACHE'
    {                                                   \
    ^
unf.cc:29:16: warning: '}' and ')' tokens terminating statement expression appear in different macro expansion contexts [-Wcompound-token-split-by-macro]
    FORM_NFKD= rb_intern("nfkd");
               ^~~~~~~~~~~~~~~~~
/Users/shu/.rbenv/versions/2.6.6/include/ruby-2.6.0/ruby/ruby.h:1826:24: note: expanded from macro 'rb_intern'
        __extension__ (RUBY_CONST_ID_CACHE((ID), (str))) : \
                       ^~~~~~~~~~~~~~~~~~~~~~~~~~~~~~~~
/Users/shu/.rbenv/versions/2.6.6/include/ruby-2.6.0/ruby/ruby.h:1816:5: note: expanded from macro 'RUBY_CONST_ID_CACHE'
    }
    ^
unf.cc:29:16: note: ')' token is here
    FORM_NFKD= rb_intern("nfkd");
               ^~~~~~~~~~~~~~~~~
/Users/shu/.rbenv/versions/2.6.6/include/ruby-2.6.0/ruby/ruby.h:1826:56: note: expanded from macro 'rb_intern'
        __extension__ (RUBY_CONST_ID_CACHE((ID), (str))) : \
                                                       ^
unf.cc:30:16: warning: '(' and '{' tokens introducing statement expression appear in different macro expansion contexts [-Wcompound-token-split-by-macro]
    FORM_NFKC= rb_intern("nfkc");
               ^~~~~~~~~~~~~~~~~
/Users/shu/.rbenv/versions/2.6.6/include/ruby-2.6.0/ruby/ruby.h:1826:23: note: expanded from macro 'rb_intern'
        __extension__ (RUBY_CONST_ID_CACHE((ID), (str))) : \
                      ^
unf.cc:30:16: note: '{' token is here
    FORM_NFKC= rb_intern("nfkc");
               ^~~~~~~~~~~~~~~~~
/Users/shu/.rbenv/versions/2.6.6/include/ruby-2.6.0/ruby/ruby.h:1826:24: note: expanded from macro 'rb_intern'
        __extension__ (RUBY_CONST_ID_CACHE((ID), (str))) : \
                       ^~~~~~~~~~~~~~~~~~~~~~~~~~~~~~~~
/Users/shu/.rbenv/versions/2.6.6/include/ruby-2.6.0/ruby/ruby.h:1811:5: note: expanded from macro 'RUBY_CONST_ID_CACHE'
    {                                                   \
    ^
unf.cc:30:16: warning: '}' and ')' tokens terminating statement expression appear in different macro expansion contexts [-Wcompound-token-split-by-macro]
    FORM_NFKC= rb_intern("nfkc");
               ^~~~~~~~~~~~~~~~~
/Users/shu/.rbenv/versions/2.6.6/include/ruby-2.6.0/ruby/ruby.h:1826:24: note: expanded from macro 'rb_intern'
        __extension__ (RUBY_CONST_ID_CACHE((ID), (str))) : \
                       ^~~~~~~~~~~~~~~~~~~~~~~~~~~~~~~~
/Users/shu/.rbenv/versions/2.6.6/include/ruby-2.6.0/ruby/ruby.h:1816:5: note: expanded from macro 'RUBY_CONST_ID_CACHE'
    }
    ^
unf.cc:30:16: note: ')' token is here
    FORM_NFKC= rb_intern("nfkc");
               ^~~~~~~~~~~~~~~~~
/Users/shu/.rbenv/versions/2.6.6/include/ruby-2.6.0/ruby/ruby.h:1826:56: note: expanded from macro 'rb_intern'
        __extension__ (RUBY_CONST_ID_CACHE((ID), (str))) : \
                                                       ^
13 warnings generated.
linking shared-object unf_ext.bundle

current directory: /Users/shu/Desktop/rails-projects/medi_navi/hogehoge/ruby/2.6.0/gems/unf_ext-0.0.7.7/ext/unf_ext
make DESTDIR\= install
/usr/bin/install -c -m 0755 unf_ext.bundle ./.gem.20211006-92162-rul8gd
